Thu May 3 14:30:01 CST 2018
shell20_crontab.sh
/home/Renleilei/Repository/MyShell/PracticeShell/Shell/shell20_crontab.sh
[master a7c253e] Thu May  3 15:13:42 CST 2018 commit
 1 file changed, 11 insertions(+), 5 deletions(-)
Already up-to-date.
Thu May 3 16:30:01 CST 2018
shell20_crontab.sh
/home/Renleilei/Repository/MyShell/PracticeShell/Shell/shell20_crontab.sh
[master 3d5fb8a] Thu May  3 16:30:01 CST 2018 commit
 1 file changed, 1 insertion(+), 3 deletions(-)
Already up-to-date.
Thu May 3 20:30:01 CST 2018
shell20_crontab.sh
/home/Renleilei/Repository/MyShell/PracticeShell/Shell/shell20_crontab.sh
[master 3ce00fd] Thu May  3 20:30:01 CST 2018 commit
 1 file changed, 1 insertion(+)
Already up-to-date.
Fri May 4 10:30:01 CST 2018
shell20_crontab.sh
/home/Renleilei/Repository/MyShell/PracticeShell/Shell/shell20_crontab.sh
[master 52f83b2] Fri May  4 10:30:01 CST 2018 commit
 1 file changed, 1 insertion(+)
Already up-to-date.
Fri May 4 12:30:01 CST 2018
shell20_crontab.sh
/home/Renleilei/Repository/MyShell/PracticeShell/Shell/shell20_crontab.sh
[master 698013b] Fri May  4 12:30:01 CST 2018 commit
 1 file changed, 1 insertion(+)
Already up-to-date.
Fri May 4 14:30:01 CST 2018
shell20_crontab.sh
/home/Renleilei/Repository/MyShell/PracticeShell/Shell/shell20_crontab.sh
[master 83bee78] Fri May  4 14:30:01 CST 2018 commit
 1 file changed, 1 insertion(+)
Already up-to-date.
Fri May 4 16:30:01 CST 2018
shell20_crontab.sh
/home/Renleilei/Repository/MyShell/PracticeShell/Shell/shell20_crontab.sh
[master ec1ae5e] Fri May  4 16:30:01 CST 2018 commit
 1 file changed, 1 insertion(+)
Already up-to-date.
Fri May 4 20:30:01 CST 2018
shell20_crontab.sh
/home/Renleilei/Repository/MyShell/PracticeShell/Shell/shell20_crontab.sh
[master 5f1ff20] Fri May  4 20:30:01 CST 2018 commit
 1 file changed, 1 insertion(+)
Already up-to-date.
Sat May 5 10:30:01 CST 2018
shell20_crontab.sh
/home/Renleilei/Repository/MyShell/PracticeShell/Shell/shell20_crontab.sh
[master 60081ad] Sat May  5 10:30:01 CST 2018 commit
 1 file changed, 1 insertion(+)
Already up-to-date.
Sat May 5 12:30:01 CST 2018
shell20_crontab.sh
/home/Renleilei/Repository/MyShell/PracticeShell/Shell/shell20_crontab.sh
[master bbedada] Sat May  5 12:30:01 CST 2018 commit
 1 file changed, 1 insertion(+)
Already up-to-date.
Sat May 5 14:30:01 CST 2018
shell20_crontab.sh
/home/Renleilei/Repository/MyShell/PracticeShell/Shell/shell20_crontab.sh
[master e54bc90] Sat May  5 14:30:01 CST 2018 commit
 1 file changed, 1 insertion(+)
Already up-to-date.
Sat May 5 16:30:01 CST 2018
shell20_crontab.sh
/home/Renleilei/Repository/MyShell/PracticeShell/Shell/shell20_crontab.sh
[master 23690cc] Sat May  5 16:30:01 CST 2018 commit
 1 file changed, 1 insertion(+)
Already up-to-date.
[master 63f433c] Sat May  5 19:13:40 CST 2018 commit
 1 file changed, 6 insertions(+), 3 deletions(-)
Already up-to-date.
Sat May 5 20:30:01 CST 2018
shell20_crontab.sh
/home/Renleilei/Repository/MyShell/PracticeShell/Shell/shell20_crontab.sh
[master 8e9f5de] Sat May  5 20:30:01 CST 2018 commit
 1 file changed, 1 insertion(+)
Already up-to-date.
Sun May 6 10:30:01 CST 2018
shell20_crontab.sh
/home/Renleilei/Repository/MyShell/PracticeShell/Shell/shell20_crontab.sh
[master 9cd7ac9] Sun May  6 10:30:01 CST 2018 commit
 1 file changed, 1 insertion(+)
Already up-to-date.
Sun May 6 12:30:01 CST 2018
shell20_crontab.sh
/home/Renleilei/Repository/MyShell/PracticeShell/Shell/shell20_crontab.sh
[master 573d6e7] Sun May  6 12:30:01 CST 2018 commit
 1 file changed, 1 insertion(+)
Already up-to-date.
Sun May 6 14:30:01 CST 2018
shell20_crontab.sh
/home/Renleilei/Repository/MyShell/PracticeShell/Shell/shell20_crontab.sh
[master a8052ab] Sun May  6 14:30:01 CST 2018 commit
 1 file changed, 1 insertion(+)
Already up-to-date.
Sun May 6 16:30:01 CST 2018
shell20_crontab.sh
/home/Renleilei/Repository/MyShell/PracticeShell/Shell/shell20_crontab.sh
[master 91a1d12] Sun May  6 16:30:01 CST 2018 commit
 1 file changed, 1 insertion(+)
Already up-to-date.
Sun May 6 20:30:01 CST 2018
shell20_crontab.sh
/home/Renleilei/Repository/MyShell/PracticeShell/Shell/shell20_crontab.sh
[master 6883882] Sun May  6 20:30:01 CST 2018 commit
 1 file changed, 1 insertion(+)
Already up-to-date.
Mon May 7 10:30:01 CST 2018
shell20_crontab.sh
/home/Renleilei/Repository/MyShell/PracticeShell/Shell/shell20_crontab.sh
[master 12ac1a6] Mon May  7 10:30:01 CST 2018 commit
 1 file changed, 1 insertion(+)
Already up-to-date.
Mon May 7 12:30:01 CST 2018
shell20_crontab.sh
/home/Renleilei/Repository/MyShell/PracticeShell/Shell/shell20_crontab.sh
[master cbf43a2] Mon May  7 12:30:01 CST 2018 commit
 1 file changed, 1 insertion(+)
Already up-to-date.
Mon May 7 14:30:01 CST 2018
shell20_crontab.sh
/home/Renleilei/Repository/MyShell/PracticeShell/Shell/shell20_crontab.sh
[master 62312bb] Mon May  7 14:30:01 CST 2018 commit
 1 file changed, 1 insertion(+)
Already up-to-date.
Mon May 7 16:30:01 CST 2018
shell20_crontab.sh
/home/Renleilei/Repository/MyShell/PracticeShell/Shell/shell20_crontab.sh
[master ab403c7] Mon May  7 16:30:01 CST 2018 commit
 1 file changed, 1 insertion(+)
Already up-to-date.
Mon May 7 20:30:01 CST 2018
shell20_crontab.sh
/home/Renleilei/Repository/MyShell/PracticeShell/Shell/shell20_crontab.sh
[master 75f421d] Mon May  7 20:30:01 CST 2018 commit
 1 file changed, 1 insertion(+)
Already up-to-date.
Tue May 8 10:30:01 CST 2018
shell20_crontab.sh
/home/Renleilei/Repository/MyShell/PracticeShell/Shell/shell20_crontab.sh
[master f1611d2] Tue May  8 10:30:01 CST 2018 commit
 1 file changed, 1 insertion(+)
Already up-to-date.
Tue May 8 12:30:01 CST 2018
shell20_crontab.sh
/home/Renleilei/Repository/MyShell/PracticeShell/Shell/shell20_crontab.sh
[master 1433657] Tue May  8 12:30:01 CST 2018 commit
 1 file changed, 1 insertion(+)
Already up-to-date.
Tue May 8 14:30:01 CST 2018
shell20_crontab.sh
/home/Renleilei/Repository/MyShell/PracticeShell/Shell/shell20_crontab.sh
[master 8592ef8] Tue May  8 14:30:01 CST 2018 commit
 1 file changed, 1 insertion(+)
Already up-to-date.
Tue May 8 16:30:01 CST 2018
shell20_crontab.sh
/home/Renleilei/Repository/MyShell/PracticeShell/Shell/shell20_crontab.sh
[master 5ec5fe5] Tue May  8 16:30:01 CST 2018 commit
 1 file changed, 1 insertion(+)
Already up-to-date.
Tue May 8 20:30:01 CST 2018
shell20_crontab.sh
/home/Renleilei/Repository/MyShell/PracticeShell/Shell/shell20_crontab.sh
[master 68d17d3] Tue May  8 20:30:01 CST 2018 commit
 1 file changed, 1 insertion(+)
Already up-to-date.
Wed May 9 10:30:01 CST 2018
shell20_crontab.sh
/home/Renleilei/Repository/MyShell/PracticeShell/Shell/shell20_crontab.sh
[master 462aded] Wed May  9 10:30:01 CST 2018 commit
 1 file changed, 1 insertion(+)
Already up-to-date.
Wed May 9 12:30:01 CST 2018
shell20_crontab.sh
/home/Renleilei/Repository/MyShell/PracticeShell/Shell/shell20_crontab.sh
[master 03f0066] Wed May  9 12:30:01 CST 2018 commit
 1 file changed, 1 insertion(+)
Already up-to-date.
Wed May 9 14:30:01 CST 2018
shell20_crontab.sh
/home/Renleilei/Repository/MyShell/PracticeShell/Shell/shell20_crontab.sh
[master 048b84f] Wed May  9 14:30:01 CST 2018 commit
 1 file changed, 1 insertion(+)
Already up-to-date.
Wed May 9 16:30:01 CST 2018
shell20_crontab.sh
/home/Renleilei/Repository/MyShell/PracticeShell/Shell/shell20_crontab.sh
[master 79f3b26] Wed May  9 16:30:01 CST 2018 commit
 1 file changed, 1 insertion(+)
Already up-to-date.
Wed May 9 20:30:01 CST 2018
shell20_crontab.sh
/home/Renleilei/Repository/MyShell/PracticeShell/Shell/shell20_crontab.sh
[master bffd951] Wed May  9 20:30:01 CST 2018 commit
 1 file changed, 1 insertion(+)
Already up-to-date.
Thu May 10 10:30:01 CST 2018
shell20_crontab.sh
/home/Renleilei/Repository/MyShell/PracticeShell/Shell/shell20_crontab.sh
[master 564ec9c] Thu May 10 10:30:01 CST 2018 commit
 1 file changed, 1 insertion(+)
Already up-to-date.
Thu May 10 12:30:01 CST 2018
shell20_crontab.sh
/home/Renleilei/Repository/MyShell/PracticeShell/Shell/shell20_crontab.sh
[master 5be8fa7] Thu May 10 12:30:01 CST 2018 commit
 1 file changed, 1 insertion(+)
Already up-to-date.
Thu May 10 14:30:01 CST 2018
shell20_crontab.sh
/home/Renleilei/Repository/MyShell/PracticeShell/Shell/shell20_crontab.sh
[master a7dd1ea] Thu May 10 14:30:01 CST 2018 commit
 1 file changed, 1 insertion(+)
Already up-to-date.
Thu May 10 20:30:01 CST 2018
shell20_crontab.sh
/home/Renleilei/Repository/MyShell/PracticeShell/Shell/shell20_crontab.sh
[master b66fc02] Thu May 10 20:30:01 CST 2018 commit
 1 file changed, 1 insertion(+)
Already up-to-date.
Fri May 11 10:30:01 CST 2018
shell20_crontab.sh
/home/Renleilei/Repository/MyShell/PracticeShell/Shell/shell20_crontab.sh
[master bc27f89] Fri May 11 10:30:01 CST 2018 commit
 1 file changed, 1 insertion(+)
Already up-to-date.
Fri May 11 14:30:01 CST 2018
shell20_crontab.sh
/home/Renleilei/Repository/MyShell/PracticeShell/Shell/shell20_crontab.sh
[master 11d465f] Fri May 11 14:30:01 CST 2018 commit
 1 file changed, 1 insertion(+)
Already up-to-date.
Fri May 11 20:30:01 CST 2018
shell20_crontab.sh
/home/Renleilei/Repository/MyShell/PracticeShell/Shell/shell20_crontab.sh
[master 44d1af7] Fri May 11 20:30:01 CST 2018 commit
 1 file changed, 1 insertion(+)
Already up-to-date.
Sat May 12 10:30:01 CST 2018
shell20_crontab.sh
/home/Renleilei/Repository/MyShell/PracticeShell/Shell/shell20_crontab.sh
[master b255fa9] Sat May 12 10:30:01 CST 2018 commit
 1 file changed, 1 insertion(+)
Already up-to-date.
Sat May 12 14:30:01 CST 2018
shell20_crontab.sh
/home/Renleilei/Repository/MyShell/PracticeShell/Shell/shell20_crontab.sh
[master b1a47bf] Sat May 12 14:30:01 CST 2018 commit
 1 file changed, 1 insertion(+)
Already up-to-date.
Sat May 12 20:30:01 CST 2018
shell20_crontab.sh
/home/Renleilei/Repository/MyShell/PracticeShell/Shell/shell20_crontab.sh
[master 88f4f05] Sat May 12 20:30:01 CST 2018 commit
 1 file changed, 1 insertion(+)
Already up-to-date.
Sun May 13 10:30:01 CST 2018
shell20_crontab.sh
/home/Renleilei/Repository/MyShell/PracticeShell/Shell/shell20_crontab.sh
[master dec45d2] Sun May 13 10:30:01 CST 2018 commit
 1 file changed, 1 insertion(+)
Already up-to-date.
Sun May 13 14:30:01 CST 2018
shell20_crontab.sh
/home/Renleilei/Repository/MyShell/PracticeShell/Shell/shell20_crontab.sh
[master 1c25b82] Sun May 13 14:30:01 CST 2018 commit
 1 file changed, 1 insertion(+)
Already up-to-date.
Sun May 13 20:30:01 CST 2018
shell20_crontab.sh
/home/Renleilei/Repository/MyShell/PracticeShell/Shell/shell20_crontab.sh
[master bdb95fb] Sun May 13 20:30:01 CST 2018 commit
 1 file changed, 1 insertion(+)
Already up-to-date.
Mon May 14 10:30:01 CST 2018
shell20_crontab.sh
/home/Renleilei/Repository/MyShell/PracticeShell/Shell/shell20_crontab.sh
[master e04ba17] Mon May 14 10:30:01 CST 2018 commit
 1 file changed, 1 insertion(+)
Already up-to-date.
Mon May 14 14:30:01 CST 2018
shell20_crontab.sh
/home/Renleilei/Repository/MyShell/PracticeShell/Shell/shell20_crontab.sh
[master dc95bb5] Mon May 14 14:30:01 CST 2018 commit
 1 file changed, 1 insertion(+)
Already up-to-date.
Mon May 14 20:30:01 CST 2018
shell20_crontab.sh
/home/Renleilei/Repository/MyShell/PracticeShell/Shell/shell20_crontab.sh
[master 8138fe3] Mon May 14 20:30:01 CST 2018 commit
 1 file changed, 1 insertion(+)
Already up-to-date.
Tue May 15 10:30:01 CST 2018
shell20_crontab.sh
/home/Renleilei/Repository/MyShell/PracticeShell/Shell/shell20_crontab.sh
[master a216091] Tue May 15 10:30:01 CST 2018 commit
 1 file changed, 1 insertion(+)
Already up-to-date.
Tue May 15 14:30:01 CST 2018
shell20_crontab.sh
/home/Renleilei/Repository/MyShell/PracticeShell/Shell/shell20_crontab.sh
[master a90e117] Tue May 15 14:30:01 CST 2018 commit
 1 file changed, 1 insertion(+)
Already up-to-date.
Tue May 15 20:30:01 CST 2018
shell20_crontab.sh
/home/Renleilei/Repository/MyShell/PracticeShell/Shell/shell20_crontab.sh
[master 808f91e] Tue May 15 20:30:01 CST 2018 commit
 1 file changed, 1 insertion(+)
Already up-to-date.
Wed May 16 10:30:01 CST 2018
shell20_crontab.sh
/home/Renleilei/Repository/MyShell/PracticeShell/Shell/shell20_crontab.sh
[master 4c6e54d] Wed May 16 10:30:01 CST 2018 commit
 1 file changed, 1 insertion(+)
Already up-to-date.
Wed May 16 14:30:01 CST 2018
shell20_crontab.sh
/home/Renleilei/Repository/MyShell/PracticeShell/Shell/shell20_crontab.sh
[master ecc8b65] Wed May 16 14:30:01 CST 2018 commit
 1 file changed, 1 insertion(+)
Already up-to-date.
Wed May 16 20:30:01 CST 2018
shell20_crontab.sh
/home/Renleilei/Repository/MyShell/PracticeShell/Shell/shell20_crontab.sh
[master 8d418da] Wed May 16 20:30:01 CST 2018 commit
 1 file changed, 1 insertion(+)
Already up-to-date.
Thu May 17 10:30:01 CST 2018
shell20_crontab.sh
/home/Renleilei/Repository/MyShell/PracticeShell/Shell/shell20_crontab.sh
[master 0c4268f] Thu May 17 10:30:01 CST 2018 commit
 1 file changed, 1 insertion(+)
Already up-to-date.
Thu May 17 14:30:01 CST 2018
shell20_crontab.sh
/home/Renleilei/Repository/MyShell/PracticeShell/Shell/shell20_crontab.sh
[master 4b012d7] Thu May 17 14:30:01 CST 2018 commit
 1 file changed, 1 insertion(+)
Already up-to-date.
Thu May 17 20:30:01 CST 2018
shell20_crontab.sh
/home/Renleilei/Repository/MyShell/PracticeShell/Shell/shell20_crontab.sh
[master f196075] Thu May 17 20:30:01 CST 2018 commit
 1 file changed, 1 insertion(+)
Already up-to-date.
Fri May 18 10:30:01 CST 2018
shell20_crontab.sh
/home/Renleilei/Repository/MyShell/PracticeShell/Shell/shell20_crontab.sh
[master fe15871] Fri May 18 10:30:01 CST 2018 commit
 1 file changed, 1 insertion(+)
Already up-to-date.
Fri May 18 14:30:01 CST 2018
shell20_crontab.sh
/home/Renleilei/Repository/MyShell/PracticeShell/Shell/shell20_crontab.sh
[master 665f92a] Fri May 18 14:30:01 CST 2018 commit
 1 file changed, 1 insertion(+)
Already up-to-date.
Fri May 18 20:30:01 CST 2018
shell20_crontab.sh
/home/Renleilei/Repository/MyShell/PracticeShell/Shell/shell20_crontab.sh
[master 83db32c] Fri May 18 20:30:01 CST 2018 commit
 1 file changed, 1 insertion(+)
Already up-to-date.
Sat May 19 10:30:01 CST 2018
shell20_crontab.sh
/home/Renleilei/Repository/MyShell/PracticeShell/Shell/shell20_crontab.sh
[master a3155bb] Sat May 19 10:30:01 CST 2018 commit
 1 file changed, 1 insertion(+)
Already up-to-date.
Sat May 19 14:30:01 CST 2018
shell20_crontab.sh
/home/Renleilei/Repository/MyShell/PracticeShell/Shell/shell20_crontab.sh
[master 3cc5eba] Sat May 19 14:30:01 CST 2018 commit
 1 file changed, 1 insertion(+)
Already up-to-date.
Sat May 19 20:30:01 CST 2018
shell20_crontab.sh
/home/Renleilei/Repository/MyShell/PracticeShell/Shell/shell20_crontab.sh
[master 795e879] Sat May 19 20:30:01 CST 2018 commit
 1 file changed, 1 insertion(+)
Already up-to-date.
Sun May 20 10:30:01 CST 2018
shell20_crontab.sh
/home/Renleilei/Repository/MyShell/PracticeShell/Shell/shell20_crontab.sh
[master 4ad1ef2] Sun May 20 10:30:01 CST 2018 commit
 1 file changed, 1 insertion(+)
Already up-to-date.
Sun May 20 14:30:01 CST 2018
shell20_crontab.sh
/home/Renleilei/Repository/MyShell/PracticeShell/Shell/shell20_crontab.sh
[master 3edd2ba] Sun May 20 14:30:01 CST 2018 commit
 1 file changed, 1 insertion(+)
Already up-to-date.
Sun May 20 20:30:01 CST 2018
shell20_crontab.sh
/home/Renleilei/Repository/MyShell/PracticeShell/Shell/shell20_crontab.sh
[master 318e0e4] Sun May 20 20:30:01 CST 2018 commit
 1 file changed, 1 insertion(+)
Already up-to-date.
Mon May 21 10:30:01 CST 2018
shell20_crontab.sh
/home/Renleilei/Repository/MyShell/PracticeShell/Shell/shell20_crontab.sh
[master a3c8888] Mon May 21 10:30:01 CST 2018 commit
 1 file changed, 1 insertion(+)
Already up-to-date.
Mon May 21 14:30:01 CST 2018
shell20_crontab.sh
/home/Renleilei/Repository/MyShell/PracticeShell/Shell/shell20_crontab.sh
[master b6e605f] Mon May 21 14:30:01 CST 2018 commit
 1 file changed, 1 insertion(+)
Already up-to-date.
Mon May 21 20:30:01 CST 2018
shell20_crontab.sh
/home/Renleilei/Repository/MyShell/PracticeShell/Shell/shell20_crontab.sh
[master fb8a6fb] Mon May 21 20:30:01 CST 2018 commit
 1 file changed, 1 insertion(+)
Already up-to-date.
Tue May 22 10:30:01 CST 2018
shell20_crontab.sh
/home/Renleilei/Repository/MyShell/PracticeShell/Shell/shell20_crontab.sh
[master 2c6cf17] Tue May 22 10:30:01 CST 2018 commit
 1 file changed, 1 insertion(+)
Already up-to-date.
Tue May 22 14:30:01 CST 2018
shell20_crontab.sh
/home/Renleilei/Repository/MyShell/PracticeShell/Shell/shell20_crontab.sh
[master 54d8c94] Tue May 22 14:30:01 CST 2018 commit
 1 file changed, 1 insertion(+)
Already up-to-date.
Tue May 22 20:30:01 CST 2018
shell20_crontab.sh
/home/Renleilei/Repository/MyShell/PracticeShell/Shell/shell20_crontab.sh
[master 6bce1c5] Tue May 22 20:30:01 CST 2018 commit
 1 file changed, 1 insertion(+)
Already up-to-date.
Wed May 23 10:30:01 CST 2018
shell20_crontab.sh
/home/Renleilei/Repository/MyShell/PracticeShell/Shell/shell20_crontab.sh
[master 27b5a30] Wed May 23 10:30:01 CST 2018 commit
 1 file changed, 1 insertion(+)
Already up-to-date.
Wed May 23 14:30:01 CST 2018
shell20_crontab.sh
/home/Renleilei/Repository/MyShell/PracticeShell/Shell/shell20_crontab.sh
[master f064630] Wed May 23 14:30:01 CST 2018 commit
 1 file changed, 1 insertion(+)
Already up-to-date.
Wed May 23 20:30:01 CST 2018
shell20_crontab.sh
/home/Renleilei/Repository/MyShell/PracticeShell/Shell/shell20_crontab.sh
[master 99b141b] Wed May 23 20:30:01 CST 2018 commit
 1 file changed, 1 insertion(+)
Already up-to-date.
Thu May 24 10:30:01 CST 2018
shell20_crontab.sh
/home/Renleilei/Repository/MyShell/PracticeShell/Shell/shell20_crontab.sh
[master b6eb004] Thu May 24 10:30:01 CST 2018 commit
 1 file changed, 1 insertion(+)
Already up-to-date.
Thu May 24 14:30:01 CST 2018
shell20_crontab.sh
/home/Renleilei/Repository/MyShell/PracticeShell/Shell/shell20_crontab.sh
[master c93a7af] Thu May 24 14:30:01 CST 2018 commit
 1 file changed, 1 insertion(+)
Already up-to-date.
Thu May 24 20:30:01 CST 2018
shell20_crontab.sh
/home/Renleilei/Repository/MyShell/PracticeShell/Shell/shell20_crontab.sh
[master 56a2655] Thu May 24 20:30:01 CST 2018 commit
 1 file changed, 1 insertion(+)
Already up-to-date.
Fri May 25 10:30:01 CST 2018
shell20_crontab.sh
/home/Renleilei/Repository/MyShell/PracticeShell/Shell/shell20_crontab.sh
[master 75de7e2] Fri May 25 10:30:01 CST 2018 commit
 1 file changed, 1 insertion(+)
Already up-to-date.
Fri May 25 14:30:01 CST 2018
shell20_crontab.sh
/home/Renleilei/Repository/MyShell/PracticeShell/Shell/shell20_crontab.sh
[master 8dfa7d8] Fri May 25 14:30:01 CST 2018 commit
 1 file changed, 1 insertion(+)
Already up-to-date.
Fri May 25 20:30:01 CST 2018
shell20_crontab.sh
/home/Renleilei/Repository/MyShell/PracticeShell/Shell/shell20_crontab.sh
[master e4bf8b6] Fri May 25 20:30:01 CST 2018 commit
 1 file changed, 1 insertion(+)
Already up-to-date.
Sat May 26 10:30:01 CST 2018
shell20_crontab.sh
/home/Renleilei/Repository/MyShell/PracticeShell/Shell/shell20_crontab.sh
[master 172d39f] Sat May 26 10:30:01 CST 2018 commit
 1 file changed, 1 insertion(+)
Already up-to-date.
Sat May 26 14:30:01 CST 2018
shell20_crontab.sh
/home/Renleilei/Repository/MyShell/PracticeShell/Shell/shell20_crontab.sh
[master 67a926d] Sat May 26 14:30:01 CST 2018 commit
 1 file changed, 1 insertion(+)
Already up-to-date.
Sat May 26 20:30:01 CST 2018
shell20_crontab.sh
/home/Renleilei/Repository/MyShell/PracticeShell/Shell/shell20_crontab.sh
[master e3d5fc8] Sat May 26 20:30:01 CST 2018 commit
 1 file changed, 1 insertion(+)
Already up-to-date.
Sun May 27 10:30:01 CST 2018
shell20_crontab.sh
/home/Renleilei/Repository/MyShell/PracticeShell/Shell/shell20_crontab.sh
[master ef748c0] Sun May 27 10:30:01 CST 2018 commit
 1 file changed, 1 insertion(+)
Already up-to-date.
Sun May 27 14:30:01 CST 2018
shell20_crontab.sh
/home/Renleilei/Repository/MyShell/PracticeShell/Shell/shell20_crontab.sh
[master b2b6db2] Sun May 27 14:30:01 CST 2018 commit
 1 file changed, 1 insertion(+)
Already up-to-date.
Sun May 27 20:30:01 CST 2018
shell20_crontab.sh
/home/Renleilei/Repository/MyShell/PracticeShell/Shell/shell20_crontab.sh
[master fe67477] Sun May 27 20:30:01 CST 2018 commit
 1 file changed, 1 insertion(+)
Already up-to-date.
Mon May 28 10:30:01 CST 2018
shell20_crontab.sh
/home/Renleilei/Repository/MyShell/PracticeShell/Shell/shell20_crontab.sh
[master c81befc] Mon May 28 10:30:01 CST 2018 commit
 1 file changed, 1 insertion(+)
Already up-to-date.
Mon May 28 14:30:01 CST 2018
shell20_crontab.sh
/home/Renleilei/Repository/MyShell/PracticeShell/Shell/shell20_crontab.sh
[master 714760e] Mon May 28 14:30:01 CST 2018 commit
 1 file changed, 1 insertion(+)
Already up-to-date.
Mon May 28 20:30:01 CST 2018
shell20_crontab.sh
/home/Renleilei/Repository/MyShell/PracticeShell/Shell/shell20_crontab.sh
[master ec66ffb] Mon May 28 20:30:01 CST 2018 commit
 1 file changed, 1 insertion(+)
Already up-to-date.
Tue May 29 10:30:01 CST 2018
shell20_crontab.sh
/home/Renleilei/Repository/MyShell/PracticeShell/Shell/shell20_crontab.sh
[master 5199265] Tue May 29 10:30:01 CST 2018 commit
 1 file changed, 1 insertion(+)
Already up-to-date.
Tue May 29 14:30:01 CST 2018
shell20_crontab.sh
/home/Renleilei/Repository/MyShell/PracticeShell/Shell/shell20_crontab.sh
[master b90ccbd] Tue May 29 14:30:01 CST 2018 commit
 1 file changed, 1 insertion(+)
Already up-to-date.
Tue May 29 20:30:01 CST 2018
shell20_crontab.sh
/home/Renleilei/Repository/MyShell/PracticeShell/Shell/shell20_crontab.sh
[master 1d65b1d] Tue May 29 20:30:01 CST 2018 commit
 1 file changed, 1 insertion(+)
Already up-to-date.
Wed May 30 10:30:01 CST 2018
shell20_crontab.sh
/home/Renleilei/Repository/MyShell/PracticeShell/Shell/shell20_crontab.sh
[master 8b07475] Wed May 30 10:30:01 CST 2018 commit
 1 file changed, 1 insertion(+)
Already up-to-date.
Wed May 30 14:30:01 CST 2018
shell20_crontab.sh
/home/Renleilei/Repository/MyShell/PracticeShell/Shell/shell20_crontab.sh
[master dd94f00] Wed May 30 14:30:01 CST 2018 commit
 1 file changed, 1 insertion(+)
Already up-to-date.
Wed May 30 20:30:01 CST 2018
shell20_crontab.sh
/home/Renleilei/Repository/MyShell/PracticeShell/Shell/shell20_crontab.sh
[master 420b471] Wed May 30 20:30:01 CST 2018 commit
 1 file changed, 1 insertion(+)
Already up-to-date.
Thu May 31 10:30:01 CST 2018
shell20_crontab.sh
/home/Renleilei/Repository/MyShell/PracticeShell/Shell/shell20_crontab.sh
[master e48eb04] Thu May 31 10:30:01 CST 2018 commit
 1 file changed, 1 insertion(+)
Already up-to-date.
Thu May 31 12:30:01 CST 2018
shell20_crontab.sh
/home/Renleilei/Repository/MyShell/PracticeShell/Shell/shell20_crontab.sh
[master 56a86c9] Thu May 31 12:30:01 CST 2018 commit
 1 file changed, 1 insertion(+)
Already up-to-date.
Thu May 31 14:30:01 CST 2018
shell20_crontab.sh
/home/Renleilei/Repository/MyShell/PracticeShell/Shell/shell20_crontab.sh
[master 65361bb] Thu May 31 14:30:01 CST 2018 commit
 1 file changed, 1 insertion(+)
Already up-to-date.
Thu May 31 20:30:01 CST 2018
shell20_crontab.sh
/home/Renleilei/Repository/MyShell/PracticeShell/Shell/shell20_crontab.sh
[master f2b5eba] Thu May 31 20:30:01 CST 2018 commit
 1 file changed, 1 insertion(+)
Already up-to-date.
Fri Jun 1 10:30:01 CST 2018
shell20_crontab.sh
/home/Renleilei/Repository/MyShell/PracticeShell/Shell/shell20_crontab.sh
[master 5aad4c1] Fri Jun  1 10:30:01 CST 2018 commit
 1 file changed, 1 insertion(+)
Already up-to-date.
Fri Jun 1 12:30:01 CST 2018
shell20_crontab.sh
/home/Renleilei/Repository/MyShell/PracticeShell/Shell/shell20_crontab.sh
[master 5bb4722] Fri Jun  1 12:30:01 CST 2018 commit
 1 file changed, 1 insertion(+)
Already up-to-date.
Fri Jun 1 14:30:01 CST 2018
shell20_crontab.sh
/home/Renleilei/Repository/MyShell/PracticeShell/Shell/shell20_crontab.sh
[master eb5a598] Fri Jun  1 14:30:01 CST 2018 commit
 1 file changed, 1 insertion(+)
Already up-to-date.
Fri Jun 1 20:30:01 CST 2018
shell20_crontab.sh
/home/Renleilei/Repository/MyShell/PracticeShell/Shell/shell20_crontab.sh
[master 4b68d4d] Fri Jun  1 20:30:01 CST 2018 commit
 1 file changed, 1 insertion(+)
Already up-to-date.
Sat Jun 2 10:30:01 CST 2018
shell20_crontab.sh
/home/Renleilei/Repository/MyShell/PracticeShell/Shell/shell20_crontab.sh
[master 112dddf] Sat Jun  2 10:30:01 CST 2018 commit
 1 file changed, 1 insertion(+)
Already up-to-date.
Sat Jun 2 12:30:01 CST 2018
shell20_crontab.sh
/home/Renleilei/Repository/MyShell/PracticeShell/Shell/shell20_crontab.sh
[master 547c90a] Sat Jun  2 12:30:01 CST 2018 commit
 1 file changed, 1 insertion(+)
Already up-to-date.
Sat Jun 2 14:30:01 CST 2018
shell20_crontab.sh
/home/Renleilei/Repository/MyShell/PracticeShell/Shell/shell20_crontab.sh
[master 4c3c20a] Sat Jun  2 14:30:01 CST 2018 commit
 1 file changed, 1 insertion(+)
Already up-to-date.
Sat Jun 2 20:30:01 CST 2018
shell20_crontab.sh
/home/Renleilei/Repository/MyShell/PracticeShell/Shell/shell20_crontab.sh
[master a5fcf53] Sat Jun  2 20:30:01 CST 2018 commit
 1 file changed, 1 insertion(+)
Already up-to-date.
Sun Jun 3 10:30:01 CST 2018
shell20_crontab.sh
/home/Renleilei/Repository/MyShell/PracticeShell/Shell/shell20_crontab.sh
[master 50100b6] Sun Jun  3 10:30:01 CST 2018 commit
 1 file changed, 1 insertion(+)
Already up-to-date.
Sun Jun 3 12:30:01 CST 2018
shell20_crontab.sh
/home/Renleilei/Repository/MyShell/PracticeShell/Shell/shell20_crontab.sh
[master 98ab5e2] Sun Jun  3 12:30:01 CST 2018 commit
 1 file changed, 1 insertion(+)
Already up-to-date.
Sun Jun 3 14:30:01 CST 2018
shell20_crontab.sh
/home/Renleilei/Repository/MyShell/PracticeShell/Shell/shell20_crontab.sh
[master 8078283] Sun Jun  3 14:30:01 CST 2018 commit
 1 file changed, 1 insertion(+)
Already up-to-date.
Sun Jun 3 20:30:01 CST 2018
shell20_crontab.sh
/home/Renleilei/Repository/MyShell/PracticeShell/Shell/shell20_crontab.sh
[master 570bd06] Sun Jun  3 20:30:01 CST 2018 commit
 1 file changed, 1 insertion(+)
Already up-to-date.
Mon Jun 4 10:30:01 CST 2018
shell20_crontab.sh
/home/Renleilei/Repository/MyShell/PracticeShell/Shell/shell20_crontab.sh
[master 0c16c8c] Mon Jun  4 10:30:01 CST 2018 commit
 1 file changed, 1 insertion(+)
Already up-to-date.
Mon Jun 4 12:30:01 CST 2018
shell20_crontab.sh
/home/Renleilei/Repository/MyShell/PracticeShell/Shell/shell20_crontab.sh
[master 66cd122] Mon Jun  4 12:30:01 CST 2018 commit
 1 file changed, 1 insertion(+)
Already up-to-date.
Mon Jun 4 14:30:01 CST 2018
shell20_crontab.sh
/home/Renleilei/Repository/MyShell/PracticeShell/Shell/shell20_crontab.sh
[master 88e8a23] Mon Jun  4 14:30:01 CST 2018 commit
 1 file changed, 1 insertion(+)
Already up-to-date.
Mon Jun 4 20:30:02 CST 2018
shell20_crontab.sh
/home/Renleilei/Repository/MyShell/PracticeShell/Shell/shell20_crontab.sh
[master a734a99] Mon Jun  4 20:30:02 CST 2018 commit
 1 file changed, 1 insertion(+)
Already up-to-date.
Tue Jun 5 10:30:01 CST 2018
shell20_crontab.sh
/home/Renleilei/Repository/MyShell/PracticeShell/Shell/shell20_crontab.sh
[master 08aa739] Tue Jun  5 10:30:01 CST 2018 commit
 1 file changed, 1 insertion(+)
Already up-to-date.
Tue Jun 5 12:30:01 CST 2018
shell20_crontab.sh
/home/Renleilei/Repository/MyShell/PracticeShell/Shell/shell20_crontab.sh
[master 272dabb] Tue Jun  5 12:30:01 CST 2018 commit
 1 file changed, 1 insertion(+)
Already up-to-date.
Tue Jun 5 14:30:01 CST 2018
shell20_crontab.sh
/home/Renleilei/Repository/MyShell/PracticeShell/Shell/shell20_crontab.sh
[master 89d8eca] Tue Jun  5 14:30:01 CST 2018 commit
 1 file changed, 1 insertion(+)
Already up-to-date.
Tue Jun 5 20:30:01 CST 2018
shell20_crontab.sh
/home/Renleilei/Repository/MyShell/PracticeShell/Shell/shell20_crontab.sh
[master da5f65a] Tue Jun  5 20:30:01 CST 2018 commit
 1 file changed, 1 insertion(+)
Already up-to-date.
Wed Jun 6 10:30:01 CST 2018
shell20_crontab.sh
/home/Renleilei/Repository/MyShell/PracticeShell/Shell/shell20_crontab.sh
[master fd83a5a] Wed Jun  6 10:30:01 CST 2018 commit
 1 file changed, 1 insertion(+)
Already up-to-date.
Wed Jun 6 12:30:01 CST 2018
shell20_crontab.sh
/home/Renleilei/Repository/MyShell/PracticeShell/Shell/shell20_crontab.sh
[master f239183] Wed Jun  6 12:30:01 CST 2018 commit
 1 file changed, 1 insertion(+)
Already up-to-date.
Wed Jun 6 14:30:01 CST 2018
shell20_crontab.sh
/home/Renleilei/Repository/MyShell/PracticeShell/Shell/shell20_crontab.sh
[master bbf79d0] Wed Jun  6 14:30:01 CST 2018 commit
 1 file changed, 1 insertion(+)
Already up-to-date.
Wed Jun 6 20:30:01 CST 2018
shell20_crontab.sh
/home/Renleilei/Repository/MyShell/PracticeShell/Shell/shell20_crontab.sh
[master 80736ba] Wed Jun  6 20:30:01 CST 2018 commit
 1 file changed, 1 insertion(+)
Already up-to-date.
Thu Jun 7 10:30:01 CST 2018
shell20_crontab.sh
/home/Renleilei/Repository/MyShell/PracticeShell/Shell/shell20_crontab.sh
[master 765f12b] Thu Jun  7 10:30:01 CST 2018 commit
 1 file changed, 1 insertion(+)
Already up-to-date.
Thu Jun 7 12:30:01 CST 2018
shell20_crontab.sh
/home/Renleilei/Repository/MyShell/PracticeShell/Shell/shell20_crontab.sh
[master 2b5fb0e] Thu Jun  7 12:30:01 CST 2018 commit
 1 file changed, 1 insertion(+)
Already up-to-date.
Thu Jun 7 14:30:01 CST 2018
shell20_crontab.sh
/home/Renleilei/Repository/MyShell/PracticeShell/Shell/shell20_crontab.sh
[master 4b50292] Thu Jun  7 14:30:01 CST 2018 commit
 1 file changed, 1 insertion(+)
Already up-to-date.
Thu Jun 7 20:30:01 CST 2018
shell20_crontab.sh
/home/Renleilei/Repository/MyShell/PracticeShell/Shell/shell20_crontab.sh
[master a9f4edd] Thu Jun  7 20:30:01 CST 2018 commit
 1 file changed, 1 insertion(+)
Already up-to-date.
Fri Jun 8 10:30:01 CST 2018
shell20_crontab.sh
/home/Renleilei/Repository/MyShell/PracticeShell/Shell/shell20_crontab.sh
[master a3966e6] Fri Jun  8 10:30:01 CST 2018 commit
 1 file changed, 1 insertion(+)
Already up-to-date.
Fri Jun 8 12:30:01 CST 2018
shell20_crontab.sh
/home/Renleilei/Repository/MyShell/PracticeShell/Shell/shell20_crontab.sh
[master 5784599] Fri Jun  8 12:30:01 CST 2018 commit
 1 file changed, 1 insertion(+)
